2019-11-11 19:18:38,453  INFO [main] LogReport:37 - Starting Redirection validation
2019-11-11 19:18:40,269  INFO [main] LogReport:37 - Starting Redirection validation
2019-11-11 19:18:40,295  INFO [main] LogReport:37 - Validation done, Redirection is on the correct page
2019-11-11 19:18:41,793  INFO [main] LogReport:37 - Starting Redirection validation
2019-11-11 19:18:41,819  INFO [main] LogReport:37 - Validation done, Redirection is on the correct page
2019-11-11 19:18:43,208  INFO [main] LogReport:37 - Starting Redirection validation
2019-11-11 19:18:43,233  INFO [main] LogReport:37 - Validation done, Redirection is on the correct page
2019-11-11 19:18:44,510  INFO [main] LogReport:37 - Starting Redirection validation
2019-11-11 19:18:44,533  INFO [main] LogReport:37 - Validation done, Redirection is on the correct page
2019-11-11 19:18:45,936  INFO [main] LogReport:37 - Starting Redirection validation
2019-11-11 19:18:45,965  INFO [main] LogReport:37 - Validation done, Redirection is on the correct page
2019-11-11 19:18:45,970  INFO [main] LogReport:37 - Starting Redirection validation
2019-11-11 19:18:49,751  INFO [main] LogReport:37 - selecting clothing gender
2019-11-11 19:18:49,753  INFO [main] LogReport:37 - validating viewmens page
2019-11-11 19:18:49,961  INFO [main] LogReport:37 - Redirected to viewmens page
2019-11-11 19:18:49,962  INFO [main] LogReport:37 - select shirt and color with size
2019-11-11 19:19:03,914  INFO [main] LogReport:37 - selected the corresponding size and color
2019-11-11 19:19:03,915  INFO [main] LogReport:37 - clothing validation starting
2019-11-11 19:19:04,116  INFO [main] LogReport:37 - validating cart details
2019-11-11 19:19:09,138  INFO [main] LogReport:37 -  cart details are correct
2019-11-11 19:19:09,139  INFO [main] LogReport:37 - validating cart details
2019-11-11 19:19:09,140  INFO [main] LogReport:37 -  cart details are correct
2019-11-11 19:19:09,141  INFO [main] LogReport:37 - validating updated grand total
2019-11-11 19:19:13,303  INFO [main] LogReport:37 - Updated amount is correct, Functionality is working properly
2019-11-11 19:19:17,668  INFO [main] LogReport:37 - Starting Redirection validation
2019-11-11 19:19:17,691  INFO [main] LogReport:37 - Redirection is on the correct page
2019-11-11 19:19:17,691  INFO [main] LogReport:37 - Starting the homepage testing
2019-11-11 19:19:20,408  INFO [main] LogReport:37 - product name is correct
2019-11-11 19:19:22,996  INFO [main] LogReport:37 - product price and taxes is correct
2019-11-11 19:19:22,996  INFO [main] LogReport:37 - Validation done
2019-11-11 19:19:28,614  INFO [main] LogReport:37 - product name is correct
2019-11-11 19:19:30,869  INFO [main] LogReport:37 - product price and taxes is correct
2019-11-11 19:19:30,870  INFO [main] LogReport:37 - Validation done
2019-11-11 19:41:05,217  INFO [main] LogReport:37 - Starting Redirection validation
2019-11-11 19:41:05,249  INFO [main] LogReport:37 - Validation done, Redirection is on the correct page
2019-11-11 19:41:06,555  INFO [main] LogReport:37 - Starting Redirection validation
2019-11-11 19:41:06,582  INFO [main] LogReport:37 - Validation done, Redirection is on the correct page
2019-11-11 19:41:07,746  INFO [main] LogReport:37 - Starting Redirection validation
2019-11-11 19:41:07,771  INFO [main] LogReport:37 - Validation done, Redirection is on the correct page
2019-11-11 19:41:08,904  INFO [main] LogReport:37 - Starting Redirection validation
2019-11-11 19:41:08,930  INFO [main] LogReport:37 - Validation done, Redirection is on the correct page
2019-11-11 19:41:10,078  INFO [main] LogReport:37 - Starting Redirection validation
2019-11-11 19:41:10,106  INFO [main] LogReport:37 - Validation done, Redirection is on the correct page
2019-11-11 19:41:10,114  INFO [main] LogReport:37 - Starting Redirection validation
2019-11-11 19:41:13,394  INFO [main] LogReport:37 - validating viewmens page
2019-11-11 19:41:19,716  INFO [main] LogReport:37 - select shirt and color with size
2019-11-11 19:41:26,191  INFO [main] LogReport:37 - validating cart details
2019-11-11 19:41:33,462  INFO [main] LogReport:37 - validating cart details
2019-11-11 19:41:33,464  INFO [main] LogReport:37 -  cart details are correct
2019-11-11 19:41:33,478  INFO [main] LogReport:37 - validating updated grand total
2019-11-11 19:43:04,041  INFO [main] LogReport:37 - Starting Redirection validation
2019-11-11 19:43:04,072  INFO [main] LogReport:37 - Validation done, Redirection is on the correct page
2019-11-11 19:43:05,594  INFO [main] LogReport:37 - Starting Redirection validation
2019-11-11 19:43:05,618  INFO [main] LogReport:37 - Validation done, Redirection is on the correct page
2019-11-11 19:43:06,887  INFO [main] LogReport:37 - Starting Redirection validation
2019-11-11 19:43:06,910  INFO [main] LogReport:37 - Validation done, Redirection is on the correct page
2019-11-11 19:43:08,154  INFO [main] LogReport:37 - Starting Redirection validation
2019-11-11 19:43:08,176  INFO [main] LogReport:37 - Validation done, Redirection is on the correct page
2019-11-11 19:43:09,488  INFO [main] LogReport:37 - Starting Redirection validation
2019-11-11 19:43:09,512  INFO [main] LogReport:37 - Validation done, Redirection is on the correct page
2019-11-11 19:43:09,521  INFO [main] LogReport:37 - Starting Redirection validation
2019-11-11 19:43:13,989  INFO [main] LogReport:37 - selecting clothing gender
2019-11-11 19:43:13,994  INFO [main] LogReport:37 - validating viewmens page
2019-11-11 19:43:14,173  INFO [main] LogReport:37 - Redirected to viewmens page
2019-11-11 19:43:14,177  INFO [main] LogReport:37 - select shirt and color with size
2019-11-11 19:43:30,229  INFO [main] LogReport:37 - selected the corresponding size and color
2019-11-11 19:43:30,237  INFO [main] LogReport:37 - clothing validation starting
2019-11-11 19:43:30,395  INFO [main] LogReport:37 - validating cart details
2019-11-11 19:43:35,926  INFO [main] LogReport:37 -  cart details are correct
2019-11-11 19:43:35,929  INFO [main] LogReport:37 - validating cart details
2019-11-11 19:43:35,929  INFO [main] LogReport:37 -  cart details are correct
2019-11-11 19:43:35,933  INFO [main] LogReport:37 - validating updated grand total
2019-11-11 19:43:40,204  INFO [main] LogReport:37 - Updated amount is correct, Functionality is working properly
2019-11-11 19:44:45,573  INFO [main] LogReport:37 - Starting Redirection validation
2019-11-11 19:44:45,606  INFO [main] LogReport:37 - Redirection is on the correct page
2019-11-11 19:44:45,606  INFO [main] LogReport:37 - Starting the homepage testing
2019-11-11 19:44:48,879  INFO [main] LogReport:37 - product name is correct
2019-11-11 19:44:51,074  INFO [main] LogReport:37 - product price and taxes is correct
2019-11-11 19:44:51,074  INFO [main] LogReport:37 - Validation done
2019-11-11 19:44:57,365  INFO [main] LogReport:37 - product name is correct
2019-11-11 19:45:00,304  INFO [main] LogReport:37 - product price and taxes is correct
2019-11-11 19:45:00,304  INFO [main] LogReport:37 - Validation done
2019-11-11 19:58:55,745  INFO [main] LogReport:37 - Starting Redirection validation
2019-11-11 19:58:55,775  INFO [main] LogReport:37 - Validation done, Redirection is on the correct page
2019-11-11 19:58:57,263  INFO [main] LogReport:37 - Starting Redirection validation
2019-11-11 19:58:57,291  INFO [main] LogReport:37 - Validation done, Redirection is on the correct page
2019-11-11 19:58:58,499  INFO [main] LogReport:37 - Starting Redirection validation
2019-11-11 19:58:58,526  INFO [main] LogReport:37 - Validation done, Redirection is on the correct page
2019-11-11 19:58:59,706  INFO [main] LogReport:37 - Starting Redirection validation
2019-11-11 19:58:59,732  INFO [main] LogReport:37 - Validation done, Redirection is on the correct page
2019-11-11 19:59:01,012  INFO [main] LogReport:37 - Starting Redirection validation
2019-11-11 19:59:01,037  INFO [main] LogReport:37 - Validation done, Redirection is on the correct page
2019-11-11 19:59:04,808  INFO [main] LogReport:37 - selecting clothing gender
2019-11-11 19:59:04,812  INFO [main] LogReport:37 - validating viewmens page
2019-11-11 19:59:05,048  INFO [main] LogReport:37 - Redirected to viewmens page
2019-11-11 19:59:05,052  INFO [main] LogReport:37 - select shirt and color with size
2019-11-11 19:59:18,918  INFO [main] LogReport:37 - selected the corresponding size and color
2019-11-11 19:59:18,918  INFO [main] LogReport:37 - clothing validation starting
2019-11-11 19:59:19,112  INFO [main] LogReport:37 - validating cart details
2019-11-11 19:59:23,951  INFO [main] LogReport:37 -  cart details are correct
2019-11-11 19:59:23,955  INFO [main] LogReport:37 - validating updated grand total
2019-11-11 19:59:28,243  INFO [main] LogReport:37 - Updated amount is correct, Functionality is working properly
2019-11-11 19:59:32,576  INFO [main] LogReport:37 - Starting Redirection validation
2019-11-11 19:59:32,663  INFO [main] LogReport:37 - Redirection is on the correct page
2019-11-11 19:59:32,663  INFO [main] LogReport:37 - Starting the homepage testing
2019-11-11 19:59:35,335  INFO [main] LogReport:37 - product name is correct
2019-11-11 19:59:37,823  INFO [main] LogReport:37 - product price and taxes is correct
2019-11-11 19:59:37,823  INFO [main] LogReport:37 - Validation done
2019-11-11 19:59:43,264  INFO [main] LogReport:37 - product name is correct
2019-11-11 19:59:45,751  INFO [main] LogReport:37 - product price and taxes is correct
2019-11-11 19:59:45,751  INFO [main] LogReport:37 - Validation done
